{"name":"bunyan","hostname":"lcr-pc","pid":3901,"level":30,"msg":"[404] /admin/test/1","time":"2019-02-26T12:01:47.093Z","v":0}
{"name":"bunyan","hostname":"lcr-pc","pid":3901,"level":30,"msg":"[404] /admin/test/1","time":"2019-02-26T12:01:47.777Z","v":0}
{"name":"bunyan","hostname":"lcr-pc","pid":4534,"level":30,"msg":"[404] /public/signup","time":"2019-02-26T12:07:33.211Z","v":0}
{"name":"bunyan","hostname":"lcr-pc","pid":5874,"level":30,"msg":"[404] /public/a","time":"2019-02-26T12:20:16.649Z","v":0}
{"name":"bunyan","hostname":"DESKTOP-TL3H3GE","pid":16684,"level":30,"msg":"[404] /account/undefined","time":"2019-03-09T02:58:34.705Z","v":0}
{"name":"bunyan","hostname":"DESKTOP-TL3H3GE","pid":16684,"level":30,"msg":"[404] /account/undefined","time":"2019-03-09T02:58:49.443Z","v":0}
{"name":"bunyan","hostname":"DESKTOP-TL3H3GE","pid":18312,"level":30,"msg":"[404] /account/undefined","time":"2019-03-09T02:59:16.864Z","v":0}
{"name":"bunyan","hostname":"DESKTOP-TL3H3GE","pid":15092,"level":30,"msg":"[404] /favicon.ico","time":"2019-03-09T02:59:54.694Z","v":0}
{"name":"bunyan","hostname":"DESKTOP-TL3H3GE","pid":11036,"level":30,"msg":"[404] /account/undefined","time":"2019-03-09T03:00:12.065Z","v":0}
{"name":"bunyan","hostname":"DESKTOP-TL3H3GE","pid":11036,"level":30,"msg":"[404] /account/undefined","time":"2019-03-09T03:00:16.176Z","v":0}
{"name":"bunyan","hostname":"DESKTOP-TL3H3GE","pid":15768,"level":30,"msg":"[404] /account/undefined","time":"2019-03-09T03:00:32.984Z","v":0}
{"name":"bunyan","hostname":"DESKTOP-TL3H3GE","pid":2808,"level":30,"msg":"[404] /account/undefined","time":"2019-03-09T03:01:14.251Z","v":0}
{"name":"bunyan","hostname":"DESKTOP-TL3H3GE","pid":2808,"level":30,"msg":"[404] /account/undefined","time":"2019-03-09T03:01:37.829Z","v":0}
{"name":"bunyan","hostname":"DESKTOP-TL3H3GE","pid":2808,"level":30,"msg":"[404] /account/undefined","time":"2019-03-09T03:02:05.415Z","v":0}
{"name":"bunyan","hostname":"DESKTOP-TL3H3GE","pid":992,"level":30,"msg":"[404] /account/undefined","time":"2019-03-09T03:02:39.561Z","v":0}
{"name":"bunyan","hostname":"DESKTOP-TL3H3GE","pid":17080,"level":30,"msg":"[404] /account/undefined","time":"2019-03-09T03:03:07.591Z","v":0}
{"name":"bunyan","hostname":"DESKTOP-TL3H3GE","pid":2180,"level":30,"msg":"[404] /account/undefined","time":"2019-03-09T03:03:27.666Z","v":0}
{"name":"bunyan","hostname":"DESKTOP-TL3H3GE","pid":2180,"level":30,"msg":"[404] /account/undefined","time":"2019-03-09T03:03:58.413Z","v":0}
{"name":"bunyan","hostname":"DESKTOP-TL3H3GE","pid":2180,"level":30,"msg":"[404] /account/undefined","time":"2019-03-09T03:05:14.016Z","v":0}
{"name":"bunyan","hostname":"DESKTOP-TL3H3GE","pid":2180,"level":30,"msg":"[404] /account/undefined","time":"2019-03-09T03:06:14.733Z","v":0}
